Analysis & Synthesis report for ca5
Thu Dec 27 05:51:44 2018
Quartus II 64-Bit Version 13.0.1 Build 232 06/12/2013 Service Pack 1 SJ Web Edition


---------------------
; Table of Contents ;
---------------------
  1. Legal Notice
  2. Analysis & Synthesis Summary
  3. Analysis & Synthesis Settings
  4. Parallel Compilation
  5. Analysis & Synthesis Source Files Read
  6. Analysis & Synthesis Resource Usage Summary
  7. Analysis & Synthesis Resource Utilization by Entity
  8. Analysis & Synthesis IP Cores Summary
  9. State Machine - |Multiplier|ctrl:inst2|ps
 10. Registers Removed During Synthesis
 11. General Register Statistics
 12. Multiplexer Restructuring Statistics (Restructuring Performed)
 13. Parameter Settings for User Entity Instance: ctrl:inst2
 14. Parameter Settings for User Entity Instance: ca5:inst|lpm_counter1:FrequencyDivider|lpm_counter:LPM_COUNTER_component
 15. Parameter Settings for User Entity Instance: ca5:inst|lpm_clshift0:Shifter|lpm_clshift:LPM_CLSHIFT_component
 16. Parameter Settings for User Entity Instance: ca5:inst|lpm_counter2:mCounter|lpm_counter:LPM_COUNTER_component
 17. Elapsed Time Per Partition
 18. Analysis & Synthesis Messages



----------------
; Legal Notice ;
----------------
Copyright (C) 1991-2013 Altera Corporation
Your use of Altera Corporation's design tools, logic functions 
and other software and tools, and its AMPP partner logic 
functions, and any output files from any of the foregoing 
(including device programming or simulation files), and any 
associated documentation or information are expressly subject 
to the terms and conditions of the Altera Program License 
Subscription Agreement, Altera MegaCore Function License 
Agreement, or other applicable license agreement, including, 
without limitation, that your use is for the sole purpose of 
programming logic devices manufactured by Altera and sold by 
Altera or its authorized distributors.  Please refer to the 
applicable agreement for further details.



+--------------------------------------------------------------------------------------+
; Analysis & Synthesis Summary                                                         ;
+------------------------------------+-------------------------------------------------+
; Analysis & Synthesis Status        ; Successful - Thu Dec 27 05:51:44 2018           ;
; Quartus II 64-Bit Version          ; 13.0.1 Build 232 06/12/2013 SP 1 SJ Web Edition ;
; Revision Name                      ; ca5                                             ;
; Top-level Entity Name              ; Multiplier                                      ;
; Family                             ; Cyclone II                                      ;
; Total logic elements               ; 89                                              ;
;     Total combinational functions  ; 88                                              ;
;     Dedicated logic registers      ; 37                                              ;
; Total registers                    ; 37                                              ;
; Total pins                         ; 44                                              ;
; Total virtual pins                 ; 0                                               ;
; Total memory bits                  ; 0                                               ;
; Embedded Multiplier 9-bit elements ; 0                                               ;
; Total PLLs                         ; 0                                               ;
+------------------------------------+-------------------------------------------------+


+----------------------------------------------------------------------------------------------------------------------+
; Analysis & Synthesis Settings                                                                                        ;
+----------------------------------------------------------------------------+--------------------+--------------------+
; Option                                                                     ; Setting            ; Default Value      ;
+----------------------------------------------------------------------------+--------------------+--------------------+
; Device                                                                     ; EP2C20F484C7       ;                    ;
; Top-level entity name                                                      ; Multiplier         ; ca5                ;
; Family name                                                                ; Cyclone II         ; Cyclone IV GX      ;
; Use smart compilation                                                      ; Off                ; Off                ;
; Enable parallel Assembler and TimeQuest Timing Analyzer during compilation ; On                 ; On                 ;
; Enable compact report table                                                ; Off                ; Off                ;
; Restructure Multiplexers                                                   ; Auto               ; Auto               ;
; Create Debugging Nodes for IP Cores                                        ; Off                ; Off                ;
; Preserve fewer node names                                                  ; On                 ; On                 ;
; Disable OpenCore Plus hardware evaluation                                  ; Off                ; Off                ;
; Verilog Version                                                            ; Verilog_2001       ; Verilog_2001       ;
; VHDL Version                                                               ; VHDL_1993          ; VHDL_1993          ;
; State Machine Processing                                                   ; Auto               ; Auto               ;
; Safe State Machine                                                         ; Off                ; Off                ;
; Extract Verilog State Machines                                             ; On                 ; On                 ;
; Extract VHDL State Machines                                                ; On                 ; On                 ;
; Ignore Verilog initial constructs                                          ; Off                ; Off                ;
; Iteration limit for constant Verilog loops                                 ; 5000               ; 5000               ;
; Iteration limit for non-constant Verilog loops                             ; 250                ; 250                ;
; Add Pass-Through Logic to Inferred RAMs                                    ; On                 ; On                 ;
; Infer RAMs from Raw Logic                                                  ; On                 ; On                 ;
; Parallel Synthesis                                                         ; On                 ; On                 ;
; DSP Block Balancing                                                        ; Auto               ; Auto               ;
; NOT Gate Push-Back                                                         ; On                 ; On                 ;
; Power-Up Don't Care                                                        ; On                 ; On                 ;
; Remove Redundant Logic Cells                                               ; Off                ; Off                ;
; Remove Duplicate Registers                                                 ; On                 ; On                 ;
; Ignore CARRY Buffers                                                       ; Off                ; Off                ;
; Ignore CASCADE Buffers                                                     ; Off                ; Off                ;
; Ignore GLOBAL Buffers                                                      ; Off                ; Off                ;
; Ignore ROW GLOBAL Buffers                                                  ; Off                ; Off                ;
; Ignore LCELL Buffers                                                       ; Off                ; Off                ;
; Ignore SOFT Buffers                                                        ; On                 ; On                 ;
; Limit AHDL Integers to 32 Bits                                             ; Off                ; Off                ;
; Optimization Technique                                                     ; Balanced           ; Balanced           ;
; Carry Chain Length                                                         ; 70                 ; 70                 ;
; Auto Carry Chains                                                          ; On                 ; On                 ;
; Auto Open-Drain Pins                                                       ; On                 ; On                 ;
; Perform WYSIWYG Primitive Resynthesis                                      ; Off                ; Off                ;
; Auto ROM Replacement                                                       ; On                 ; On                 ;
; Auto RAM Replacement                                                       ; On                 ; On                 ;
; Auto Shift Register Replacement                                            ; Auto               ; Auto               ;
; Allow Shift Register Merging across Hierarchies                            ; Auto               ; Auto               ;
; Auto Clock Enable Replacement                                              ; On                 ; On                 ;
; Strict RAM Replacement                                                     ; Off                ; Off                ;
; Allow Synchronous Control Signals                                          ; On                 ; On                 ;
; Force Use of Synchronous Clear Signals                                     ; Off                ; Off                ;
; Auto RAM to Logic Cell Conversion                                          ; Off                ; Off                ;
; Auto Resource Sharing                                                      ; Off                ; Off                ;
; Allow Any RAM Size For Recognition                                         ; Off                ; Off                ;
; Allow Any ROM Size For Recognition                                         ; Off                ; Off                ;
; Allow Any Shift Register Size For Recognition                              ; Off                ; Off                ;
; Use LogicLock Constraints during Resource Balancing                        ; On                 ; On                 ;
; Ignore translate_off and synthesis_off directives                          ; Off                ; Off                ;
; Timing-Driven Synthesis                                                    ; Off                ; Off                ;
; Report Parameter Settings                                                  ; On                 ; On                 ;
; Report Source Assignments                                                  ; On                 ; On                 ;
; Report Connectivity Checks                                                 ; On                 ; On                 ;
; Ignore Maximum Fan-Out Assignments                                         ; Off                ; Off                ;
; Synchronization Register Chain Length                                      ; 2                  ; 2                  ;
; PowerPlay Power Optimization                                               ; Normal compilation ; Normal compilation ;
; HDL message level                                                          ; Level2             ; Level2             ;
; Suppress Register Optimization Related Messages                            ; Off                ; Off                ;
; Number of Removed Registers Reported in Synthesis Report                   ; 5000               ; 5000               ;
; Number of Swept Nodes Reported in Synthesis Report                         ; 5000               ; 5000               ;
; Number of Inverted Registers Reported in Synthesis Report                  ; 100                ; 100                ;
; Clock MUX Protection                                                       ; On                 ; On                 ;
; Auto Gated Clock Conversion                                                ; Off                ; Off                ;
; Block Design Naming                                                        ; Auto               ; Auto               ;
; SDC constraint protection                                                  ; Off                ; Off                ;
; Synthesis Effort                                                           ; Auto               ; Auto               ;
; Shift Register Replacement - Allow Asynchronous Clear Signal               ; On                 ; On                 ;
; Pre-Mapping Resynthesis Optimization                                       ; Off                ; Off                ;
; Analysis & Synthesis Message Level                                         ; Medium             ; Medium             ;
; Disable Register Merging Across Hierarchies                                ; Auto               ; Auto               ;
; Resource Aware Inference For Block RAM                                     ; On                 ; On                 ;
; Synthesis Seed                                                             ; 1                  ; 1                  ;
+----------------------------------------------------------------------------+--------------------+--------------------+


Parallel compilation was disabled, but you have multiple processors available. Enable parallel compilation to reduce compilation time.
+-------------------------------------+
; Parallel Compilation                ;
+----------------------------+--------+
; Processors                 ; Number ;
+----------------------------+--------+
; Number detected on machine ; 8      ;
; Maximum allowed            ; 1      ;
+----------------------------+--------+


+-------------------------------------------------------------------------------------------------------------------------------------------------------------------------------+
; Analysis & Synthesis Source Files Read                                                                                                                                        ;
+----------------------------------+-----------------+------------------------------------+---------------------------------------------------------------------------+---------+
; File Name with User-Entered Path ; Used in Netlist ; File Type                          ; File Name with Absolute Path                                              ; Library ;
+----------------------------------+-----------------+------------------------------------+---------------------------------------------------------------------------+---------+
; ../controller/ctrl.v             ; yes             ; User Verilog HDL File              ; C:/Users/USER/Desktop/controller/ctrl.v                                   ;         ;
; ca5.bdf                          ; yes             ; User Block Diagram/Schematic File  ; C:/Users/USER/Desktop/ca5 project/ca5.bdf                                 ;         ;
; Multiplier.bdf                   ; yes             ; User Block Diagram/Schematic File  ; C:/Users/USER/Desktop/ca5 project/Multiplier.bdf                          ;         ;
; lpm_counter1.v                   ; yes             ; Auto-Found Wizard-Generated File   ; C:/Users/USER/Desktop/ca5 project/lpm_counter1.v                          ;         ;
; lpm_counter.tdf                  ; yes             ; Megafunction                       ; e:/altera/13.0sp1/quartus/libraries/megafunctions/lpm_counter.tdf         ;         ;
; lpm_constant.inc                 ; yes             ; Megafunction                       ; e:/altera/13.0sp1/quartus/libraries/megafunctions/lpm_constant.inc        ;         ;
; lpm_decode.inc                   ; yes             ; Megafunction                       ; e:/altera/13.0sp1/quartus/libraries/megafunctions/lpm_decode.inc          ;         ;
; lpm_add_sub.inc                  ; yes             ; Megafunction                       ; e:/altera/13.0sp1/quartus/libraries/megafunctions/lpm_add_sub.inc         ;         ;
; cmpconst.inc                     ; yes             ; Megafunction                       ; e:/altera/13.0sp1/quartus/libraries/megafunctions/cmpconst.inc            ;         ;
; lpm_compare.inc                  ; yes             ; Megafunction                       ; e:/altera/13.0sp1/quartus/libraries/megafunctions/lpm_compare.inc         ;         ;
; lpm_counter.inc                  ; yes             ; Megafunction                       ; e:/altera/13.0sp1/quartus/libraries/megafunctions/lpm_counter.inc         ;         ;
; dffeea.inc                       ; yes             ; Megafunction                       ; e:/altera/13.0sp1/quartus/libraries/megafunctions/dffeea.inc              ;         ;
; alt_counter_stratix.inc          ; yes             ; Megafunction                       ; e:/altera/13.0sp1/quartus/libraries/megafunctions/alt_counter_stratix.inc ;         ;
; aglobal130.inc                   ; yes             ; Megafunction                       ; e:/altera/13.0sp1/quartus/libraries/megafunctions/aglobal130.inc          ;         ;
; db/cntr_8pj.tdf                  ; yes             ; Auto-Generated Megafunction        ; C:/Users/USER/Desktop/ca5 project/db/cntr_8pj.tdf                         ;         ;
; lpm_clshift0.v                   ; yes             ; Auto-Found Wizard-Generated File   ; C:/Users/USER/Desktop/ca5 project/lpm_clshift0.v                          ;         ;
; lpm_clshift.tdf                  ; yes             ; Megafunction                       ; e:/altera/13.0sp1/quartus/libraries/megafunctions/lpm_clshift.tdf         ;         ;
; db/lpm_clshift_vjc.tdf           ; yes             ; Auto-Generated Megafunction        ; C:/Users/USER/Desktop/ca5 project/db/lpm_clshift_vjc.tdf                  ;         ;
; lpm_counter2.v                   ; yes             ; Auto-Found Wizard-Generated File   ; C:/Users/USER/Desktop/ca5 project/lpm_counter2.v                          ;         ;
; db/cntr_8ek.tdf                  ; yes             ; Auto-Generated Megafunction        ; C:/Users/USER/Desktop/ca5 project/db/cntr_8ek.tdf                         ;         ;
+----------------------------------+-----------------+------------------------------------+---------------------------------------------------------------------------+---------+


+-----------------------------------------------------+
; Analysis & Synthesis Resource Usage Summary         ;
+---------------------------------------------+-------+
; Resource                                    ; Usage ;
+---------------------------------------------+-------+
; Estimated Total logic elements              ; 89    ;
;                                             ;       ;
; Total combinational functions               ; 88    ;
; Logic element usage by number of LUT inputs ;       ;
;     -- 4 input functions                    ; 21    ;
;     -- 3 input functions                    ; 28    ;
;     -- <=2 input functions                  ; 39    ;
;                                             ;       ;
; Logic elements by mode                      ;       ;
;     -- normal mode                          ; 57    ;
;     -- arithmetic mode                      ; 31    ;
;                                             ;       ;
; Total registers                             ; 37    ;
;     -- Dedicated logic registers            ; 37    ;
;     -- I/O registers                        ; 0     ;
;                                             ;       ;
; I/O pins                                    ; 44    ;
; Embedded Multiplier 9-bit elements          ; 0     ;
; Maximum fan-out node                        ; clock ;
; Maximum fan-out                             ; 37    ;
; Total fan-out                               ; 469   ;
; Average fan-out                             ; 2.78  ;
+---------------------------------------------+-------+


+----------------------------------------------------------------------------------------------------------------------------------------------------------------------------------------------------------------------------------------------------------------------------------------+
; Analysis & Synthesis Resource Utilization by Entity                                                                                                                                                                                                                                    ;
+----------------------------------------------+-------------------+--------------+-------------+--------------+---------+-----------+------+--------------+--------------------------------------------------------------------------------------------------------------+--------------+
; Compilation Hierarchy Node                   ; LC Combinationals ; LC Registers ; Memory Bits ; DSP Elements ; DSP 9x9 ; DSP 18x18 ; Pins ; Virtual Pins ; Full Hierarchy Name                                                                                          ; Library Name ;
+----------------------------------------------+-------------------+--------------+-------------+--------------+---------+-----------+------+--------------+--------------------------------------------------------------------------------------------------------------+--------------+
; |Multiplier                                  ; 88 (1)            ; 37 (0)       ; 0           ; 0            ; 0       ; 0         ; 44   ; 0            ; |Multiplier                                                                                                  ; work         ;
;    |ca5:inst|                                ; 82 (1)            ; 33 (1)       ; 0           ; 0            ; 0       ; 0         ; 0    ; 0            ; |Multiplier|ca5:inst                                                                                         ; work         ;
;       |lpm_clshift0:Shifter|                 ; 48 (0)            ; 0 (0)        ; 0           ; 0            ; 0       ; 0         ; 0    ; 0            ; |Multiplier|ca5:inst|lpm_clshift0:Shifter                                                                    ; work         ;
;          |lpm_clshift:LPM_CLSHIFT_component| ; 48 (0)            ; 0 (0)        ; 0           ; 0            ; 0       ; 0         ; 0    ; 0            ; |Multiplier|ca5:inst|lpm_clshift0:Shifter|lpm_clshift:LPM_CLSHIFT_component                                  ; work         ;
;             |lpm_clshift_vjc:auto_generated| ; 48 (48)           ; 0 (0)        ; 0           ; 0            ; 0       ; 0         ; 0    ; 0            ; |Multiplier|ca5:inst|lpm_clshift0:Shifter|lpm_clshift:LPM_CLSHIFT_component|lpm_clshift_vjc:auto_generated   ; work         ;
;       |lpm_counter1:FrequencyDivider|        ; 17 (0)            ; 16 (0)       ; 0           ; 0            ; 0       ; 0         ; 0    ; 0            ; |Multiplier|ca5:inst|lpm_counter1:FrequencyDivider                                                           ; work         ;
;          |lpm_counter:LPM_COUNTER_component| ; 17 (0)            ; 16 (0)       ; 0           ; 0            ; 0       ; 0         ; 0    ; 0            ; |Multiplier|ca5:inst|lpm_counter1:FrequencyDivider|lpm_counter:LPM_COUNTER_component                         ; work         ;
;             |cntr_8pj:auto_generated|        ; 17 (17)           ; 16 (16)      ; 0           ; 0            ; 0       ; 0         ; 0    ; 0            ; |Multiplier|ca5:inst|lpm_counter1:FrequencyDivider|lpm_counter:LPM_COUNTER_component|cntr_8pj:auto_generated ; work         ;
;       |lpm_counter2:mCounter|                ; 16 (0)            ; 16 (0)       ; 0           ; 0            ; 0       ; 0         ; 0    ; 0            ; |Multiplier|ca5:inst|lpm_counter2:mCounter                                                                   ; work         ;
;          |lpm_counter:LPM_COUNTER_component| ; 16 (0)            ; 16 (0)       ; 0           ; 0            ; 0       ; 0         ; 0    ; 0            ; |Multiplier|ca5:inst|lpm_counter2:mCounter|lpm_counter:LPM_COUNTER_component                                 ; work         ;
;             |cntr_8ek:auto_generated|        ; 16 (16)           ; 16 (16)      ; 0           ; 0            ; 0       ; 0         ; 0    ; 0            ; |Multiplier|ca5:inst|lpm_counter2:mCounter|lpm_counter:LPM_COUNTER_component|cntr_8ek:auto_generated         ; work         ;
;    |ctrl:inst2|                              ; 5 (5)             ; 4 (4)        ; 0           ; 0            ; 0       ; 0         ; 0    ; 0            ; |Multiplier|ctrl:inst2                                                                                       ; work         ;
+----------------------------------------------+-------------------+--------------+-------------+--------------+---------+-----------+------+--------------+--------------------------------------------------------------------------------------------------------------+--------------+
Note: For table entries with two numbers listed, the numbers in parentheses indicate the number of resources of the given type used by the specific entity alone. The numbers listed outside of parentheses indicate the total resources of the given type used by the specific entity and all of its sub-entities in the hierarchy.


+-----------------------------------------------------------------------------------------------------------------------------------------------------------------------+
; Analysis & Synthesis IP Cores Summary                                                                                                                                 ;
+--------+--------------+---------+--------------+--------------+----------------------------------------------------+--------------------------------------------------+
; Vendor ; IP Core Name ; Version ; Release Date ; License Type ; Entity Instance                                    ; IP Include File                                  ;
+--------+--------------+---------+--------------+--------------+----------------------------------------------------+--------------------------------------------------+
; Altera ; LPM_COUNTER  ; N/A     ; N/A          ; N/A          ; |Multiplier|ca5:inst|lpm_counter1:FrequencyDivider ; C:/Users/USER/Desktop/ca5 project/lpm_counter1.v ;
; Altera ; LPM_COUNTER  ; N/A     ; N/A          ; N/A          ; |Multiplier|ca5:inst|lpm_counter2:mCounter         ; C:/Users/USER/Desktop/ca5 project/lpm_counter2.v ;
; Altera ; LPM_CLSHIFT  ; N/A     ; N/A          ; N/A          ; |Multiplier|ca5:inst|lpm_clshift0:Shifter          ; C:/Users/USER/Desktop/ca5 project/lpm_clshift0.v ;
+--------+--------------+---------+--------------+--------------+----------------------------------------------------+--------------------------------------------------+


Encoding Type:  One-Hot
+----------------------------------------------------+
; State Machine - |Multiplier|ctrl:inst2|ps          ;
+----------+----------+---------+----------+---------+
; Name     ; ps.count ; ps.load ; ps.start ; ps.idle ;
+----------+----------+---------+----------+---------+
; ps.idle  ; 0        ; 0       ; 0        ; 0       ;
; ps.start ; 0        ; 0       ; 1        ; 1       ;
; ps.load  ; 0        ; 1       ; 0        ; 1       ;
; ps.count ; 1        ; 0       ; 0        ; 1       ;
+----------+----------+---------+----------+---------+


+------------------------------------------------------------+
; Registers Removed During Synthesis                         ;
+---------------------------------------+--------------------+
; Register name                         ; Reason for Removal ;
+---------------------------------------+--------------------+
; ctrl:inst2|ps~4                       ; Lost fanout        ;
; ctrl:inst2|ps~5                       ; Lost fanout        ;
; Total Number of Removed Registers = 2 ;                    ;
+---------------------------------------+--------------------+


+------------------------------------------------------+
; General Register Statistics                          ;
+----------------------------------------------+-------+
; Statistic                                    ; Value ;
+----------------------------------------------+-------+
; Total registers                              ; 37    ;
; Number of registers using Synchronous Clear  ; 0     ;
; Number of registers using Synchronous Load   ; 32    ;
; Number of registers using Asynchronous Clear ; 37    ;
; Number of registers using Asynchronous Load  ; 0     ;
; Number of registers using Clock Enable       ; 16    ;
; Number of registers using Preset             ; 0     ;
+----------------------------------------------+-------+


+-------------------------------------------------------------------------------------------------------------------------------------------------------------------------------------------------------------------------------------+
; Multiplexer Restructuring Statistics (Restructuring Performed)                                                                                                                                                                      ;
+--------------------+-----------+---------------+----------------------+------------------------+------------+-----------------------------------------------------------------------------------------------------------------------+
; Multiplexer Inputs ; Bus Width ; Baseline Area ; Area if Restructured ; Saving if Restructured ; Registered ; Example Multiplexer Output                                                                                            ;
+--------------------+-----------+---------------+----------------------+------------------------+------------+-----------------------------------------------------------------------------------------------------------------------+
; 3:1                ; 2 bits    ; 4 LEs         ; 4 LEs                ; 0 LEs                  ; No         ; |Multiplier|ca5:inst|lpm_clshift0:Shifter|lpm_clshift:LPM_CLSHIFT_component|lpm_clshift_vjc:auto_generated|sbit_w[51] ;
; 4:1                ; 2 bits    ; 4 LEs         ; 4 LEs                ; 0 LEs                  ; No         ; |Multiplier|ca5:inst|lpm_clshift0:Shifter|lpm_clshift:LPM_CLSHIFT_component|lpm_clshift_vjc:auto_generated|sbit_w[49] ;
+--------------------+-----------+---------------+----------------------+------------------------+------------+-----------------------------------------------------------------------------------------------------------------------+


+---------------------------------------------------------+
; Parameter Settings for User Entity Instance: ctrl:inst2 ;
+----------------+-------+--------------------------------+
; Parameter Name ; Value ; Type                           ;
+----------------+-------+--------------------------------+
; idle           ; 00    ; Unsigned Binary                ;
; start          ; 01    ; Unsigned Binary                ;
; load           ; 10    ; Unsigned Binary                ;
; count          ; 11    ; Unsigned Binary                ;
+----------------+-------+--------------------------------+
Note: In order to hide this table in the UI and the text report file, please set the "Show Parameter Settings in Synthesis Report" option in "Analysis and Synthesis Settings -> More Settings" to "Off".


+-----------------------------------------------------------------------------------------------------------------------+
; Parameter Settings for User Entity Instance: ca5:inst|lpm_counter1:FrequencyDivider|lpm_counter:LPM_COUNTER_component ;
+------------------------+-------------+--------------------------------------------------------------------------------+
; Parameter Name         ; Value       ; Type                                                                           ;
+------------------------+-------------+--------------------------------------------------------------------------------+
; AUTO_CARRY_CHAINS      ; ON          ; AUTO_CARRY                                                                     ;
; IGNORE_CARRY_BUFFERS   ; OFF         ; IGNORE_CARRY                                                                   ;
; AUTO_CASCADE_CHAINS    ; ON          ; AUTO_CASCADE                                                                   ;
; IGNORE_CASCADE_BUFFERS ; OFF         ; IGNORE_CASCADE                                                                 ;
; LPM_WIDTH              ; 16          ; Signed Integer                                                                 ;
; LPM_DIRECTION          ; DOWN        ; Untyped                                                                        ;
; LPM_MODULUS            ; 0           ; Untyped                                                                        ;
; LPM_AVALUE             ; UNUSED      ; Untyped                                                                        ;
; LPM_SVALUE             ; UNUSED      ; Untyped                                                                        ;
; LPM_PORT_UPDOWN        ; PORT_UNUSED ; Untyped                                                                        ;
; DEVICE_FAMILY          ; Cyclone II  ; Untyped                                                                        ;
; CARRY_CHAIN            ; MANUAL      ; Untyped                                                                        ;
; CARRY_CHAIN_LENGTH     ; 48          ; CARRY_CHAIN_LENGTH                                                             ;
; NOT_GATE_PUSH_BACK     ; ON          ; NOT_GATE_PUSH_BACK                                                             ;
; CARRY_CNT_EN           ; SMART       ; Untyped                                                                        ;
; LABWIDE_SCLR           ; ON          ; Untyped                                                                        ;
; USE_NEW_VERSION        ; TRUE        ; Untyped                                                                        ;
; CBXI_PARAMETER         ; cntr_8pj    ; Untyped                                                                        ;
+------------------------+-------------+--------------------------------------------------------------------------------+
Note: In order to hide this table in the UI and the text report file, please set the "Show Parameter Settings in Synthesis Report" option in "Analysis and Synthesis Settings -> More Settings" to "Off".


+--------------------------------------------------------------------------------------------------------------+
; Parameter Settings for User Entity Instance: ca5:inst|lpm_clshift0:Shifter|lpm_clshift:LPM_CLSHIFT_component ;
+----------------+-----------------+---------------------------------------------------------------------------+
; Parameter Name ; Value           ; Type                                                                      ;
+----------------+-----------------+---------------------------------------------------------------------------+
; LPM_PIPELINE   ; 0               ; Untyped                                                                   ;
; LPM_SHIFTTYPE  ; LOGICAL         ; Untyped                                                                   ;
; LPM_WIDTH      ; 16              ; Signed Integer                                                            ;
; LPM_WIDTHDIST  ; 3               ; Signed Integer                                                            ;
; CBXI_PARAMETER ; lpm_clshift_vjc ; Untyped                                                                   ;
+----------------+-----------------+---------------------------------------------------------------------------+
Note: In order to hide this table in the UI and the text report file, please set the "Show Parameter Settings in Synthesis Report" option in "Analysis and Synthesis Settings -> More Settings" to "Off".


+---------------------------------------------------------------------------------------------------------------+
; Parameter Settings for User Entity Instance: ca5:inst|lpm_counter2:mCounter|lpm_counter:LPM_COUNTER_component ;
+------------------------+-------------+------------------------------------------------------------------------+
; Parameter Name         ; Value       ; Type                                                                   ;
+------------------------+-------------+------------------------------------------------------------------------+
; AUTO_CARRY_CHAINS      ; ON          ; AUTO_CARRY                                                             ;
; IGNORE_CARRY_BUFFERS   ; OFF         ; IGNORE_CARRY                                                           ;
; AUTO_CASCADE_CHAINS    ; ON          ; AUTO_CASCADE                                                           ;
; IGNORE_CASCADE_BUFFERS ; OFF         ; IGNORE_CASCADE                                                         ;
; LPM_WIDTH              ; 16          ; Signed Integer                                                         ;
; LPM_DIRECTION          ; UP          ; Untyped                                                                ;
; LPM_MODULUS            ; 0           ; Untyped                                                                ;
; LPM_AVALUE             ; UNUSED      ; Untyped                                                                ;
; LPM_SVALUE             ; 0           ; Untyped                                                                ;
; LPM_PORT_UPDOWN        ; PORT_UNUSED ; Untyped                                                                ;
; DEVICE_FAMILY          ; Cyclone II  ; Untyped                                                                ;
; CARRY_CHAIN            ; MANUAL      ; Untyped                                                                ;
; CARRY_CHAIN_LENGTH     ; 48          ; CARRY_CHAIN_LENGTH                                                     ;
; NOT_GATE_PUSH_BACK     ; ON          ; NOT_GATE_PUSH_BACK                                                     ;
; CARRY_CNT_EN           ; SMART       ; Untyped                                                                ;
; LABWIDE_SCLR           ; ON          ; Untyped                                                                ;
; USE_NEW_VERSION        ; TRUE        ; Untyped                                                                ;
; CBXI_PARAMETER         ; cntr_8ek    ; Untyped                                                                ;
+------------------------+-------------+------------------------------------------------------------------------+
Note: In order to hide this table in the UI and the text report file, please set the "Show Parameter Settings in Synthesis Report" option in "Analysis and Synthesis Settings -> More Settings" to "Off".


+-------------------------------+
; Elapsed Time Per Partition    ;
+----------------+--------------+
; Partition Name ; Elapsed Time ;
+----------------+--------------+
; Top            ; 00:00:00     ;
+----------------+--------------+


+-------------------------------+
; Analysis & Synthesis Messages ;
+-------------------------------+
Info: *******************************************************************
Info: Running Quartus II 64-Bit Analysis & Synthesis
    Info: Version 13.0.1 Build 232 06/12/2013 Service Pack 1 SJ Web Edition
    Info: Processing started: Thu Dec 27 05:51:42 2018
Info: Command: quartus_map --read_settings_files=on --write_settings_files=off ca5 -c ca5
Warning (20028): Parallel compilation is not licensed and has been disabled
Info (12021): Found 1 design units, including 1 entities, in source file /users/user/desktop/controller/ctrl.v
    Info (12023): Found entity 1: ctrl
Info (12021): Found 1 design units, including 1 entities, in source file ca5.bdf
    Info (12023): Found entity 1: ca5
Info (12021): Found 1 design units, including 1 entities, in source file multiplier.bdf
    Info (12023): Found entity 1: Multiplier
Info (12127): Elaborating entity "Multiplier" for the top level hierarchy
Warning (275011): Block or symbol "ca5" of instance "inst" overlaps another block or symbol
Info (12128): Elaborating entity "ctrl" for hierarchy "ctrl:inst2"
Info (12128): Elaborating entity "ca5" for hierarchy "ca5:inst"
Warning (12125): Using design file lpm_counter1.v, which is not specified as a design file for the current project, but contains definitions for 1 design units and 1 entities in project
    Info (12023): Found entity 1: lpm_counter1
Info (12128): Elaborating entity "lpm_counter1" for hierarchy "ca5:inst|lpm_counter1:FrequencyDivider"
Info (12128): Elaborating entity "lpm_counter" for hierarchy "ca5:inst|lpm_counter1:FrequencyDivider|lpm_counter:LPM_COUNTER_component"
Info (12130): Elaborated megafunction instantiation "ca5:inst|lpm_counter1:FrequencyDivider|lpm_counter:LPM_COUNTER_component"
Info (12133): Instantiated megafunction "ca5:inst|lpm_counter1:FrequencyDivider|lpm_counter:LPM_COUNTER_component" with the following parameter:
    Info (12134): Parameter "lpm_direction" = "DOWN"
    Info (12134): Parameter "lpm_port_updown" = "PORT_UNUSED"
    Info (12134): Parameter "lpm_type" = "LPM_COUNTER"
    Info (12134): Parameter "lpm_width" = "16"
Info (12021): Found 1 design units, including 1 entities, in source file db/cntr_8pj.tdf
    Info (12023): Found entity 1: cntr_8pj
Info (12128): Elaborating entity "cntr_8pj" for hierarchy "ca5:inst|lpm_counter1:FrequencyDivider|lpm_counter:LPM_COUNTER_component|cntr_8pj:auto_generated"
Warning (12125): Using design file lpm_clshift0.v, which is not specified as a design file for the current project, but contains definitions for 1 design units and 1 entities in project
    Info (12023): Found entity 1: lpm_clshift0
Info (12128): Elaborating entity "lpm_clshift0" for hierarchy "ca5:inst|lpm_clshift0:Shifter"
Info (12128): Elaborating entity "lpm_clshift" for hierarchy "ca5:inst|lpm_clshift0:Shifter|lpm_clshift:LPM_CLSHIFT_component"
Info (12130): Elaborated megafunction instantiation "ca5:inst|lpm_clshift0:Shifter|lpm_clshift:LPM_CLSHIFT_component"
Info (12133): Instantiated megafunction "ca5:inst|lpm_clshift0:Shifter|lpm_clshift:LPM_CLSHIFT_component" with the following parameter:
    Info (12134): Parameter "lpm_shifttype" = "LOGICAL"
    Info (12134): Parameter "lpm_type" = "LPM_CLSHIFT"
    Info (12134): Parameter "lpm_width" = "16"
    Info (12134): Parameter "lpm_widthdist" = "3"
Info (12021): Found 1 design units, including 1 entities, in source file db/lpm_clshift_vjc.tdf
    Info (12023): Found entity 1: lpm_clshift_vjc
Info (12128): Elaborating entity "lpm_clshift_vjc" for hierarchy "ca5:inst|lpm_clshift0:Shifter|lpm_clshift:LPM_CLSHIFT_component|lpm_clshift_vjc:auto_generated"
Warning (12125): Using design file lpm_counter2.v, which is not specified as a design file for the current project, but contains definitions for 1 design units and 1 entities in project
    Info (12023): Found entity 1: lpm_counter2
Info (12128): Elaborating entity "lpm_counter2" for hierarchy "ca5:inst|lpm_counter2:mCounter"
Info (12128): Elaborating entity "lpm_counter" for hierarchy "ca5:inst|lpm_counter2:mCounter|lpm_counter:LPM_COUNTER_component"
Info (12130): Elaborated megafunction instantiation "ca5:inst|lpm_counter2:mCounter|lpm_counter:LPM_COUNTER_component"
Info (12133): Instantiated megafunction "ca5:inst|lpm_counter2:mCounter|lpm_counter:LPM_COUNTER_component" with the following parameter:
    Info (12134): Parameter "lpm_direction" = "UP"
    Info (12134): Parameter "lpm_port_updown" = "PORT_UNUSED"
    Info (12134): Parameter "lpm_svalue" = "0"
    Info (12134): Parameter "lpm_type" = "LPM_COUNTER"
    Info (12134): Parameter "lpm_width" = "16"
Info (12021): Found 1 design units, including 1 entities, in source file db/cntr_8ek.tdf
    Info (12023): Found entity 1: cntr_8ek
Info (12128): Elaborating entity "cntr_8ek" for hierarchy "ca5:inst|lpm_counter2:mCounter|lpm_counter:LPM_COUNTER_component|cntr_8ek:auto_generated"
Info (17049): 2 registers lost all their fanouts during netlist optimizations.
Info (16010): Generating hard_block partition "hard_block:auto_generated_inst"
    Info (16011): Adding 0 node(s), including 0 DDIO, 0 PLL, 0 transceiver and 0 LCELL
Info (21057): Implemented 133 device resources after synthesis - the final resource count might be different
    Info (21058): Implemented 7 input pins
    Info (21059): Implemented 37 output pins
    Info (21061): Implemented 89 logic cells
Info: Quartus II 64-Bit Analysis & Synthesis was successful. 0 errors, 5 warnings
    Info: Peak virtual memory: 4619 megabytes
    Info: Processing ended: Thu Dec 27 05:51:44 2018
    Info: Elapsed time: 00:00:02
    Info: Total CPU time (on all processors): 00:00:02


